# file opened: Interrupt_tst.asm
 1    0000                  output "Interrupt_tst.bin", t
 2    0000 00               nop
 3    0001 C3 04 00         jp main
 4    0004              main:
 5    0004 ED 56            im 1
 6    0006 FB               ei
 7    0007 31 CD AB         ld sp, 0xabcd
 8    000A 3E 62            ld a, "b"
 9    000C
10    000C              loop:p
11    000C D3 01            out (0x01), a
12    000E C3 0C 00         jp loop
13    0011
14    0011 D3 01            out (0x01), a
15    0013
16    0013 00 00 00...      BLOCK 0x32, 0
17    0045
18    0045
19    0045              ihdlr_serial:
20    0045 DB 01            in a, (0x01)
21    0047 FB               ei
22    0048 ED 4D            reti
23    004A
24    004A
25    004A
26    004A              outend
27    004A
28    004A
# file closed: Interrupt_tst.asm
