                              1 ;--------------------------------------------------------
                              2 ; File Created by SDCC : free open source ANSI-C Compiler
                              3 ; Version 4.0.0 #11544 (MINGW64)
                              4 ;--------------------------------------------------------
                              5 	.module tst
                              6 	.optsdcc -mz80
                              7 	
                              8 ;--------------------------------------------------------
                              9 ; Public variables in this module
                             10 ;--------------------------------------------------------
                             11 	.globl _main
                             12 ;--------------------------------------------------------
                             13 ; special function registers
                             14 ;--------------------------------------------------------
                     0010    15 _IO_PORT	=	0x0010
                             16 ;--------------------------------------------------------
                             17 ; ram data
                             18 ;--------------------------------------------------------
                             19 	.area _DATA
                             20 ;--------------------------------------------------------
                             21 ; ram data
                             22 ;--------------------------------------------------------
                             23 	.area _INITIALIZED
                             24 ;--------------------------------------------------------
                             25 ; absolute external ram data
                             26 ;--------------------------------------------------------
                             27 	.area _DABS (ABS)
                             28 ;--------------------------------------------------------
                             29 ; global & static initialisations
                             30 ;--------------------------------------------------------
                             31 	.area _HOME
                             32 	.area _GSINIT
                             33 	.area _GSFINAL
                             34 	.area _GSINIT
                             35 ;--------------------------------------------------------
                             36 ; Home
                             37 ;--------------------------------------------------------
                             38 	.area _HOME
                             39 	.area _HOME
                             40 ;--------------------------------------------------------
                             41 ; code
                             42 ;--------------------------------------------------------
                             43 	.area _CODE
                             44 ;tst.c:3: int main(){
                             45 ;	---------------------------------
                             46 ; Function main
                             47 ; ---------------------------------
   0000                      48 _main::
                             49 ;tst.c:7: IO_PORT = c;
   0000 3E 05         [ 7]   50 	ld	a, #0x05
   0002 D3 10         [11]   51 	out	(_IO_PORT), a
                             52 ;tst.c:8: return c;
   0004 21 05 00      [10]   53 	ld	hl, #0x0005
                             54 ;tst.c:9: }
   0007 C9            [10]   55 	ret
                             56 	.area _CODE
                             57 	.area _INITIALIZER
                             58 	.area _CABS (ABS)
